Determining if the pthread_create exist failed with the following output:
Change Dir: /home/jack/catkin_ws/build/CMakeFiles/CMakeTmp

Run Build Command:"/usr/bin/make" "cmTC_0e96d/fast"
/usr/bin/make -f CMakeFiles/cmTC_0e96d.dir/build.make CMakeFiles/cmTC_0e96d.dir/build
make[1]: Entering directory '/home/jack/catkin_ws/build/CMakeFiles/CMakeTmp'
Building C object CMakeFiles/cmTC_0e96d.dir/CheckSymbolExists.c.o
/usr/bin/cc    -o CMakeFiles/cmTC_0e96d.dir/CheckSymbolExists.c.o   -c /home/jack/catkin_ws/build/CMakeFiles/CMakeTmp/CheckSymbolExists.c
Linking C executable cmTC_0e96d
/usr/bin/cmake -E cmake_link_script CMakeFiles/cmTC_0e96d.dir/link.txt --verbose=1
/usr/bin/cc      -rdynamic CMakeFiles/cmTC_0e96d.dir/CheckSymbolExists.c.o  -o cmTC_0e96d 
CMakeFiles/cmTC_0e96d.dir/CheckSymbolExists.c.o: In function `main':
CheckSymbolExists.c:(.text+0x1b): undefined reference to `pthread_create'
collect2: error: ld returned 1 exit status
CMakeFiles/cmTC_0e96d.dir/build.make:97: recipe for target 'cmTC_0e96d' failed
make[1]: *** [cmTC_0e96d] Error 1
make[1]: Leaving directory '/home/jack/catkin_ws/build/CMakeFiles/CMakeTmp'
Makefile:126: recipe for target 'cmTC_0e96d/fast' failed
make: *** [cmTC_0e96d/fast] Error 2

File /home/jack/catkin_ws/build/CMakeFiles/CMakeTmp/CheckSymbolExists.c:
/* */
#include <pthread.h>

int main(int argc, char** argv)
{
  (void)argv;
#ifndef pthread_create
  return ((int*)(&pthread_create))[argc];
#else
  (void)argc;
  return 0;
#endif
}

Determining if the function pthread_create exists in the pthreads failed with the following output:
Change Dir: /home/jack/catkin_ws/build/CMakeFiles/CMakeTmp

Run Build Command:"/usr/bin/make" "cmTC_26bee/fast"
/usr/bin/make -f CMakeFiles/cmTC_26bee.dir/build.make CMakeFiles/cmTC_26bee.dir/build
make[1]: Entering directory '/home/jack/catkin_ws/build/CMakeFiles/CMakeTmp'
Building C object CMakeFiles/cmTC_26bee.dir/CheckFunctionExists.c.o
/usr/bin/cc   -DCHECK_FUNCTION_EXISTS=pthread_create   -o CMakeFiles/cmTC_26bee.dir/CheckFunctionExists.c.o   -c /usr/share/cmake-3.10/Modules/CheckFunctionExists.c
Linking C executable cmTC_26bee
/usr/bin/cmake -E cmake_link_script CMakeFiles/cmTC_26bee.dir/link.txt --verbose=1
/usr/bin/cc  -DCHECK_FUNCTION_EXISTS=pthread_create    -rdynamic CMakeFiles/cmTC_26bee.dir/CheckFunctionExists.c.o  -o cmTC_26bee -lpthreads 
/usr/bin/ld: cannot find -lpthreads
collect2: error: ld returned 1 exit status
CMakeFiles/cmTC_26bee.dir/build.make:97: recipe for target 'cmTC_26bee' failed
make[1]: *** [cmTC_26bee] Error 1
make[1]: Leaving directory '/home/jack/catkin_ws/build/CMakeFiles/CMakeTmp'
Makefile:126: recipe for target 'cmTC_26bee/fast' failed
make: *** [cmTC_26bee/fast] Error 2


